<?xml version="1.0" encoding="UTF-8"?>
<!-- Generated by org.testng.reporters.JUnitXMLReporter -->
<testsuite ignored="0" hostname="Aksamaria" failures="1" tests="1" name="edge" time="2.271" errors="0" timestamp="2024-07-22T11:12:26 IST">
  <testcase classname="Testingdemohw.Crossbrowser1" name="main" time="0.347">
    <failure type="org.openqa.selenium.WebDriverException" message="unknown error: net::ERR_INTERNET_DISCONNECTED
  (Session info: MicrosoftEdge=126.0.2592.102)
Build info: version: &amp;apos;4.22.0&amp;apos;, revision: &amp;apos;c5f3146703&amp;apos;
System info: os.name: &amp;apos;Windows 11&amp;apos;, os.arch: &amp;apos;amd64&amp;apos;, os.version: &amp;apos;10.0&amp;apos;, java.version: &amp;apos;17.0.11&amp;apos;
Driver info: org.openqa.selenium.edge.EdgeDriver
Command: [990c50838c2be2840fa8cd8b40655800, get {url=http://www.facebook.com}]
Capabilities {acceptInsecureCerts: false, browserName: MicrosoftEdge, browserVersion: 126.0.2592.102, fedcm:accounts: true, ms:edgeOptions: {debuggerAddress: localhost:54235}, msedge: {msedgedriverVersion: 126.0.2592.113 (088a59f7406..., userDataDir: C:\Users\anuch\AppData\Loca...}, networkConnectionEnabled: false, pageLoadStrategy: normal, platformName: windows, proxy: Proxy(), se:cdp: ws://localhost:54235/devtoo..., se:cdpVersion: 126.0.2592.102, setWindowRect: true, strictFileInteractability: false, timeouts: {implicit: 0, pageLoad: 300000, script: 30000}, unhandledPromptBehavior: dismiss and notify, webauthn:extension:credBlob: true, webauthn:extension:largeBlob: true, webauthn:extension:minPinLength: true, webauthn:extension:prf: true, webauthn:virtualAuthenticators: true}
Session ID: 990c50838c2be2840fa8cd8b40655800">
      <![CDATA[org.openqa.selenium.WebDriverException: unknown error: net::ERR_INTERNET_DISCONNECTED
  (Session info: MicrosoftEdge=126.0.2592.102)
Build info: version: '4.22.0', revision: 'c5f3146703'
System info: os.name: 'Windows 11', os.arch: 'amd64', os.version: '10.0', java.version: '17.0.11'
Driver info: org.openqa.selenium.edge.EdgeDriver
Command: [990c50838c2be2840fa8cd8b40655800, get {url=http://www.facebook.com}]
Capabilities {acceptInsecureCerts: false, browserName: MicrosoftEdge, browserVersion: 126.0.2592.102, fedcm:accounts: true, ms:edgeOptions: {debuggerAddress: localhost:54235}, msedge: {msedgedriverVersion: 126.0.2592.113 (088a59f7406..., userDataDir: C:\Users\anuch\AppData\Loca...}, networkConnectionEnabled: false, pageLoadStrategy: normal, platformName: windows, proxy: Proxy(), se:cdp: ws://localhost:54235/devtoo..., se:cdpVersion: 126.0.2592.102, setWindowRect: true, strictFileInteractability: false, timeouts: {implicit: 0, pageLoad: 300000, script: 30000}, unhandledPromptBehavior: dismiss and notify, webauthn:extension:credBlob: true, webauthn:extension:largeBlob: true, webauthn:extension:minPinLength: true, webauthn:extension:prf: true, webauthn:virtualAuthenticators: true}
Session ID: 990c50838c2be2840fa8cd8b40655800
at org.openqa.selenium.remote.ErrorCodec.decode(ErrorCodec.java:167)
at org.openqa.selenium.remote.codec.w3c.W3CHttpResponseCodec.decode(W3CHttpResponseCodec.java:138)
at org.openqa.selenium.remote.codec.w3c.W3CHttpResponseCodec.decode(W3CHttpResponseCodec.java:50)
at org.openqa.selenium.remote.HttpCommandExecutor.execute(HttpCommandExecutor.java:190)
at org.openqa.selenium.remote.service.DriverCommandExecutor.invokeExecute(DriverCommandExecutor.java:216)
at org.openqa.selenium.remote.service.DriverCommandExecutor.execute(DriverCommandExecutor.java:174)
at org.openqa.selenium.remote.RemoteWebDriver.execute(RemoteWebDriver.java:518)
at org.openqa.selenium.remote.RemoteWebDriver.get(RemoteWebDriver.java:300)
at Testingdemohw.Crossbrowser1.main(Crossbrowser1.java:33)
at java.base/java.util.ArrayList.forEach(ArrayList.java:1511)
... Removed 32 stack frames]]>
    </failure>
  </testcase> <!-- main -->
</testsuite> <!-- edge -->
